TN:
SF:src/LiquidityVault.sol
DA:39,39
FN:39,LiquidityVault.setVault
FNDA:39,LiquidityVault.setVault
DA:40,38
BRDA:40,0,0,1
DA:41,37
DA:42,37
DA:45,15
FN:45,LiquidityVault.setExitFeeBps
FNDA:15,LiquidityVault.setExitFeeBps
DA:46,15
BRDA:46,1,0,1
DA:47,14
DA:48,14
DA:57,6
FN:57,LiquidityVault.totalAssets
FNDA:6,LiquidityVault.totalAssets
DA:58,14783
DA:59,14783
BRDA:59,2,0,1
DA:64,14782
DA:65,14782
DA:69,14782
DA:70,14782
DA:74,1574
FN:74,LiquidityVault.payout
FNDA:1574,LiquidityVault.payout
DA:75,1574
BRDA:75,3,0,1
DA:77,1573
DA:78,1573
BRDA:78,4,0,256
DA:80,1317
DA:86,1
FN:86,LiquidityVault.previewRedeem
FNDA:1,LiquidityVault.previewRedeem
DA:87,5657
DA:88,5657
DA:92,2
FN:92,LiquidityVault.previewWithdraw
FNDA:2,LiquidityVault.previewWithdraw
DA:93,4
DA:94,4
FNF:6
FNH:6
LF:26
LH:26
BRF:5
BRH:5
end_of_record
TN:
SF:src/SyntheticVault.sol
DA:138,106
FN:138,SyntheticVault.constructor
FNDA:106,SyntheticVault.constructor
DA:142,106
DA:143,106
DA:144,106
DA:152,7539
FN:152,SyntheticVault.liquidate
FNDA:7539,SyntheticVault.liquidate
DA:153,7539
DA:154,7539
DA:155,7539
DA:157,7539
DA:158,7539
DA:160,7539
DA:161,7539
DA:163,7539
DA:164,7539
DA:165,7539
BRDA:165,0,0,6708
DA:167,831
DA:168,831
BRDA:168,1,0,738
DA:169,831
DA:171,831
DA:173,831
DA:175,831
DA:177,831
DA:180,2
FN:180,SyntheticVault.setLiquidationParams
FNDA:2,SyntheticVault.setLiquidationParams
DA:181,2
BRDA:181,2,0,2
DA:182,2
DA:184,0
DA:185,0
DA:186,0
DA:189,22
FN:189,SyntheticVault.setAuthorFeeBps
FNDA:22,SyntheticVault.setAuthorFeeBps
DA:190,21
BRDA:190,3,0,1
DA:191,20
DA:192,20
DA:197,146
FN:197,SyntheticVault.setAssetConfig
FNDA:146,SyntheticVault.setAssetConfig
DA:198,146
BRDA:198,4,0,1
DA:199,145
BRDA:199,5,0,1
DA:200,144
BRDA:200,6,0,1
DA:201,1
DA:204,143
BRDA:204,7,0,1
DA:206,142
DA:207,142
BRDA:207,8,0,133
DA:208,133
DA:209,133
DA:211,142
DA:214,7411
FN:214,SyntheticVault.positions
FNDA:7411,SyntheticVault.positions
DA:215,7411
DA:216,7411
BRDA:216,9,0,-
DA:217,7411
DA:226,8
FN:226,SyntheticVault.liability
FNDA:8,SyntheticVault.liability
DA:227,29540
DA:228,29540
BRDA:228,10,0,10162
DA:230,19378
DA:233,19378
DA:234,19378
DA:236,19378
DA:241,14784
FN:241,SyntheticVault.totalLiability
FNDA:14784,SyntheticVault.totalLiability
DA:242,14784
DA:243,14784
DA:244,29532
DA:248,2
FN:248,SyntheticVault.enabledFeeds
FNDA:2,SyntheticVault.enabledFeeds
DA:249,2
DA:254,6
FN:254,SyntheticVault.openInterest
FNDA:6,SyntheticVault.openInterest
DA:255,16886
DA:256,16886
DA:260,7
FN:260,SyntheticVault.avgEntry
FNDA:7,SyntheticVault.avgEntry
DA:261,7
DA:262,7
DA:263,7
DA:264,7
DA:269,16880
FN:269,SyntheticVault._addToSide
FNDA:16880,SyntheticVault._addToSide
DA:270,16880
DA:271,16880
DA:273,8745
BRDA:273,11,0,8745
BRDA:273,11,1,8135
DA:274,8745
DA:275,8745
DA:277,8135
DA:278,8135
DA:285,7665
FN:285,SyntheticVault.close
FNDA:7665,SyntheticVault.close
DA:286,7665
DA:287,7664
BRDA:287,12,0,1
DA:289,7663
DA:290,7663
DA:292,7663
DA:293,7663
DA:296,7663
DA:297,7663
DA:300,7663
DA:301,7663
BRDA:301,13,0,680
DA:302,680
DA:303,680
BRDA:303,14,0,-
DA:304,680
DA:307,7663
DA:309,7663
DA:311,7663
DA:313,7408
DA:314,7408
BRDA:314,15,0,521
DA:320,16879
FN:320,SyntheticVault._resolveCopy
FNDA:16879,SyntheticVault._resolveCopy
DA:321,16879
BRDA:321,16,0,9468
DA:323,7411
DA:324,7411
BRDA:324,17,0,1
DA:326,7410
DA:330,15202
FN:330,SyntheticVault._quoteClose
FNDA:15202,SyntheticVault._quoteClose
DA:335,15202
DA:336,15202
DA:338,15202
DA:339,15202
DA:340,15202
DA:341,15202
DA:343,15202
DA:346,15202
DA:351,8494
FN:351,SyntheticVault._settle
FNDA:8494,SyntheticVault._settle
DA:354,8494
DA:355,8494
BRDA:355,18,0,1586
BRDA:355,18,1,6908
DA:356,1586
DA:357,6908
BRDA:357,19,0,6906
DA:358,6906
DA:360,8239
BRDA:360,20,0,6949
DA:361,8239
BRDA:361,21,0,761
DA:366,8494
FN:366,SyntheticVault._removeFromSide
FNDA:8494,SyntheticVault._removeFromSide
DA:367,8494
DA:368,8494
DA:370,4388
BRDA:370,22,0,4388
BRDA:370,22,1,4106
DA:371,4388
DA:372,4388
DA:374,4106
DA:375,4106
DA:385,16887
FN:385,SyntheticVault.open
FNDA:16887,SyntheticVault.open
DA:392,16887
DA:395,16887
BRDA:395,23,0,2
DA:396,16885
BRDA:396,24,0,1
DA:398,16884
DA:400,16882
DA:401,16882
DA:403,16882
DA:405,16882
DA:406,16882
BRDA:406,25,0,1
DA:407,1
DA:409,16881
DA:413,16881
BRDA:413,26,0,1
DA:415,16880
DA:417,16880
DA:418,16880
BRDA:418,27,0,1
DA:421,16879
DA:422,16879
BRDA:422,28,0,16807
DA:424,16879
DA:430,16884
FN:430,SyntheticVault._entryPrice
FNDA:16884,SyntheticVault._entryPrice
DA:434,16884
DA:435,16884
DA:439,16883
DA:440,16883
BRDA:440,29,0,1
DA:443,16882
DA:447,16879
FN:447,SyntheticVault._mintPosition
FNDA:16879,SyntheticVault._mintPosition
DA:455,16879
DA:457,16878
DA:458,16878
DA:470,16878
DA:472,16878
FNF:20
FNH:20
LF:156
LH:153
BRF:33
BRH:31
end_of_record
TN:
SF:src/libraries/Wad.sol
DA:15,40653
FN:15,Wad.toWad
FNDA:40653,Wad.toWad
DA:16,40653
DA:22,15770
FN:22,Wad.fromWad
FNDA:15770,Wad.fromWad
DA:23,15770
FNF:2
FNH:2
LF:4
LH:4
BRF:0
BRH:0
end_of_record
TN:
SF:src/oracle/ChainlinkOracle.sol
DA:31,12
FN:31,ChainlinkOracle.setFeed
FNDA:12,ChainlinkOracle.setFeed
DA:32,11
DA:33,11
DA:39,12
FN:39,ChainlinkOracle.setSyntheticConfBps
FNDA:12,ChainlinkOracle.setSyntheticConfBps
DA:40,11
BRDA:40,0,0,1
DA:41,10
DA:42,10
DA:46,7
FN:46,ChainlinkOracle.getPrice
FNDA:7,ChainlinkOracle.getPrice
DA:47,7
DA:48,7
BRDA:48,1,0,1
DA:50,6
DA:51,6
BRDA:51,2,0,1
DA:54,5
BRDA:54,3,0,1
DA:56,4
DA:57,4
BRDA:57,4,0,1
DA:59,3
DA:61,3
DA:65,1
FN:65,ChainlinkOracle.updateFee
FNDA:1,ChainlinkOracle.updateFee
DA:66,1
DA:70,2
FN:70,ChainlinkOracle.updatePrices
FNDA:2,ChainlinkOracle.updatePrices
DA:72,2
BRDA:72,5,0,1
FNF:5
FNH:5
LF:21
LH:21
BRF:6
BRH:6
end_of_record
TN:
SF:src/oracle/PushOracle.sol
DA:29,116
FN:29,PushOracle.setPusher
FNDA:116,PushOracle.setPusher
DA:30,116
DA:31,116
DA:37,9404
FN:37,PushOracle.push
FNDA:9404,PushOracle.push
DA:38,9404
BRDA:38,0,0,1
DA:39,9403
BRDA:39,1,0,1
DA:40,9402
BRDA:40,2,0,1
DA:41,9401
BRDA:41,3,0,1
DA:43,9400
DA:44,9400
DA:48,51468
FN:48,PushOracle.getPrice
FNDA:51468,PushOracle.getPrice
DA:49,51468
DA:50,51468
BRDA:50,4,0,1
DA:52,51467
DA:53,51467
BRDA:53,5,0,2
DA:55,51465
DA:59,1
FN:59,PushOracle.updateFee
FNDA:1,PushOracle.updateFee
DA:60,1
DA:64,32088
FN:64,PushOracle.updatePrices
FNDA:32088,PushOracle.updatePrices
DA:67,32088
BRDA:67,6,0,1
FNF:5
FNH:5
LF:20
LH:20
BRF:7
BRH:7
end_of_record
TN:
SF:src/oracle/PythOracle.sol
DA:18,13
FN:18,PythOracle.constructor
FNDA:13,PythOracle.constructor
DA:19,13
DA:23,12
FN:23,PythOracle.getPrice
FNDA:12,PythOracle.getPrice
DA:24,12
DA:28,12
BRDA:28,0,0,12
DA:29,11
DA:30,1
BRDA:30,0,1,1
DA:31,1
DA:34,11
BRDA:34,1,0,1
DA:36,10
DA:37,10
DA:38,10
BRDA:38,2,0,1
DA:40,9
DA:48,1
FN:48,PythOracle.updateFee
FNDA:1,PythOracle.updateFee
DA:49,1
DA:53,1
FN:53,PythOracle.updatePrices
FNDA:1,PythOracle.updatePrices
DA:54,1
DA:60,18
FN:60,PythOracle._toWad
FNDA:18,PythOracle._toWad
DA:61,18
DA:62,18
BRDA:62,3,0,16
DA:63,16
DA:65,2
FNF:5
FNH:5
LF:22
LH:22
BRF:5
BRH:5
end_of_record
